<?xml version="1.0" encoding="UTF-8"?>
<!-- Generated by org.testng.reporters.JUnitXMLReporter -->
<testsuite ignored="4" hostname="DESKTOP-7OK20NU" failures="0" tests="9" name="Default test" time="12.955" errors="0" timestamp="2024-08-20T04:03:38 EET">
  <testcase classname="homepage.AlmosaferClass" name="DefaultLanguageTest" time="0.041"/>
  <testcase classname="homepage.AlmosaferClass" name="DefaultCurrencyTest" time="0.061"/>
  <testcase classname="homepage.AlmosaferClass" name="ContactInformationVerification" time="0.029"/>
  <testcase classname="homepage.AlmosaferClass" name="LogoVerification" time="0.036"/>
  <testcase classname="homepage.AlmosaferClass" name="HotelSearchTabDefaultState" time="0.019"/>
  <testcase classname="homepage.AlmosaferClass" name="FlightDepartureDate" time="0.031"/>
  <testcase classname="homepage.AlmosaferClass" name="FlightReturnDate" time="0.025"/>
  <testcase classname="homepage.AlmosaferClass" name="LanguageSwitchTest" time="0.775"/>
  <testcase classname="homepage.AlmosaferClass" name="HotelSearchTest" time="9.006"/>
  <testcase classname="homepage.AlmosaferClass" name="PriceSortingTest" time="0.0">
    <ignored/>
  </testcase> <!-- PriceSortingTest -->
  <testcase classname="homepage.AlmosaferClass" name="SearchResultsPageLoad" time="0.0">
    <ignored/>
  </testcase> <!-- SearchResultsPageLoad -->
  <testcase classname="homepage.AlmosaferClass" name="RoomSelectionTes" time="0.0">
    <ignored/>
  </testcase> <!-- RoomSelectionTes -->
  <testcase classname="homepage.AlmosaferClass" name="SearchButtonFunctionality" time="0.0">
    <ignored/>
  </testcase> <!-- SearchButtonFunctionality -->
</testsuite> <!-- Default test -->
