<?xml version="1.0" encoding="UTF-8"?>
<testng-results ignored="6" total="7" passed="1" failed="0" skipped="0">
  <reporter-output>
  </reporter-output>
  <suite started-at="2024-08-19T00:07:54 EET" name="Default suite" finished-at="2024-08-19T00:07:56 EET" duration-ms="2773">
    <groups>
    </groups>
    <test started-at="2024-08-19T00:07:54 EET" name="Default test" finished-at="2024-08-19T00:07:56 EET" duration-ms="2773">
      <class name="homepage.AlmosaferClass">
        <test-method is-config="true" signature="mysetup()[pri:0, instance:homepage.AlmosaferClass@4eed46ee]" started-at="2024-08-19T00:07:54 EET" name="mysetup" finished-at="2024-08-19T00:07:56 EET" duration-ms="2729" status="PASS">
          <reporter-output>
          </reporter-output>
        </test-method> <!-- mysetup -->
        <test-method signature="PriceSortingTest()[pri:7, instance:homepage.AlmosaferClass@4eed46ee]" started-at="2024-08-19T00:07:56 EET" name="PriceSortingTest" finished-at="2024-08-19T00:07:56 EET" duration-ms="6" status="PASS">
          <reporter-output>
          </reporter-output>
        </test-method> <!-- PriceSortingTest -->
      </class> <!-- homepage.AlmosaferClass -->
    </test> <!-- Default test -->
  </suite> <!-- Default suite -->
</testng-results>
