<?xml version="1.0" encoding="UTF-8"?>
<testng-results ignored="4" total="13" passed="9" failed="0" skipped="0">
  <reporter-output>
  </reporter-output>
  <suite started-at="2024-08-20T04:03:25 EET" name="Default suite" finished-at="2024-08-20T04:03:38 EET" duration-ms="12955">
    <groups>
    </groups>
    <test started-at="2024-08-20T04:03:25 EET" name="Default test" finished-at="2024-08-20T04:03:38 EET" duration-ms="12955">
      <class name="homepage.AlmosaferClass">
        <test-method is-config="true" signature="mysetup()[pri:0, instance:homepage.AlmosaferClass@36b0fcd5]" started-at="2024-08-20T04:03:25 EET" name="mysetup" finished-at="2024-08-20T04:03:28 EET" duration-ms="2893" status="PASS">
          <reporter-output>
          </reporter-output>
        </test-method> <!-- mysetup -->
        <test-method signature="DefaultLanguageTest()[pri:1, instance:homepage.AlmosaferClass@36b0fcd5]" started-at="2024-08-20T04:03:28 EET" name="DefaultLanguageTest" finished-at="2024-08-20T04:03:28 EET" duration-ms="41" status="PASS">
          <reporter-output>
          </reporter-output>
        </test-method> <!-- DefaultLanguageTest -->
        <test-method signature="DefaultCurrencyTest()[pri:2, instance:homepage.AlmosaferClass@36b0fcd5]" started-at="2024-08-20T04:03:28 EET" name="DefaultCurrencyTest" finished-at="2024-08-20T04:03:28 EET" duration-ms="61" status="PASS">
          <reporter-output>
          </reporter-output>
        </test-method> <!-- DefaultCurrencyTest -->
        <test-method signature="ContactInformationVerification()[pri:3, instance:homepage.AlmosaferClass@36b0fcd5]" started-at="2024-08-20T04:03:28 EET" name="ContactInformationVerification" finished-at="2024-08-20T04:03:28 EET" duration-ms="29" status="PASS">
          <reporter-output>
          </reporter-output>
        </test-method> <!-- ContactInformationVerification -->
        <test-method signature="LogoVerification()[pri:4, instance:homepage.AlmosaferClass@36b0fcd5]" started-at="2024-08-20T04:03:28 EET" name="LogoVerification" finished-at="2024-08-20T04:03:28 EET" duration-ms="36" status="PASS">
          <reporter-output>
          </reporter-output>
        </test-method> <!-- LogoVerification -->
        <test-method signature="HotelSearchTabDefaultState()[pri:5, instance:homepage.AlmosaferClass@36b0fcd5]" started-at="2024-08-20T04:03:28 EET" name="HotelSearchTabDefaultState" finished-at="2024-08-20T04:03:28 EET" duration-ms="19" status="PASS">
          <reporter-output>
          </reporter-output>
        </test-method> <!-- HotelSearchTabDefaultState -->
        <test-method signature="FlightDepartureDate()[pri:6, instance:homepage.AlmosaferClass@36b0fcd5]" started-at="2024-08-20T04:03:28 EET" name="FlightDepartureDate" finished-at="2024-08-20T04:03:28 EET" duration-ms="31" status="PASS">
          <reporter-output>
          </reporter-output>
        </test-method> <!-- FlightDepartureDate -->
        <test-method signature="FlightReturnDate()[pri:6, instance:homepage.AlmosaferClass@36b0fcd5]" started-at="2024-08-20T04:03:28 EET" name="FlightReturnDate" finished-at="2024-08-20T04:03:28 EET" duration-ms="25" status="PASS">
          <reporter-output>
          </reporter-output>
        </test-method> <!-- FlightReturnDate -->
        <test-method signature="LanguageSwitchTest()[pri:7, instance:homepage.AlmosaferClass@36b0fcd5]" started-at="2024-08-20T04:03:28 EET" name="LanguageSwitchTest" finished-at="2024-08-20T04:03:29 EET" duration-ms="775" status="PASS">
          <reporter-output>
          </reporter-output>
        </test-method> <!-- LanguageSwitchTest -->
        <test-method signature="HotelSearchTest()[pri:9, instance:homepage.AlmosaferClass@36b0fcd5]" started-at="2024-08-20T04:03:29 EET" name="HotelSearchTest" finished-at="2024-08-20T04:03:38 EET" duration-ms="9006" status="PASS">
          <reporter-output>
          </reporter-output>
        </test-method> <!-- HotelSearchTest -->
      </class> <!-- homepage.AlmosaferClass -->
    </test> <!-- Default test -->
  </suite> <!-- Default suite -->
</testng-results>
